<?xml version="1.0" encoding="UTF-8"?>
<!-- Generated by org.testng.reporters.JUnitReportReporter -->
<testsuite hostname="DESKTOP-O18LJV1" failures="0" tests="3" name="org.TestBase.EntityManagement" time="44.590" errors="0" timestamp="2023-12-19T19:39:21 IST" skipped="0">
  <testcase classname="org.TestBase.EntityManagement" name="modelCreation" time="20.439"/>
  <system-out/>
  <testcase classname="org.TestBase.EntityManagement" name="editEntity" time="12.815"/>
  <system-out/>
  <testcase classname="org.TestBase.EntityManagement" name="deleteEntity" time="11.336"/>
  <system-out/>
</testsuite> <!-- org.TestBase.EntityManagement -->
