<?xml version="1.0" encoding="UTF-8"?>
<!-- Generated by org.testng.reporters.JUnitReportReporter -->
<testsuite hostname="DESKTOP-AIIVMIA" failures="0" tests="1" name="org.TestBase.LocalSegmentation" time="56.192" errors="0" timestamp="2023-12-29T20:51:33 IST" skipped="0">
  <testcase classname="org.TestBase.LocalSegmentation" name="localSegmentation" time="56.192"/>
  <system-out/>
</testsuite> <!-- org.TestBase.LocalSegmentation -->
