<?xml version="1.0" encoding="UTF-8"?>
<!-- Generated by org.testng.reporters.JUnitReportReporter -->
<testsuite hostname="DESKTOP-AIIVMIA" failures="0" tests="1" name="org.TestBase.pre" time="50.476" errors="0" timestamp="2023-11-27T18:17:00 IST" skipped="0">
  <testcase classname="org.TestBase.pre" name="preS" time="50.476"/>
  <system-out/>
</testsuite> <!-- org.TestBase.pre -->
