<?xml version="1.0" encoding="UTF-8"?>
<!-- Generated by org.testng.reporters.JUnitReportReporter -->
<testsuite hostname="DESKTOP-AIIVMIA" failures="0" tests="1" name="org.TestBase.ModelPermissionTest" time="10.865" errors="0" timestamp="2023-12-22T11:54:34 IST" skipped="0">
  <testcase classname="org.TestBase.ModelPermissionTest" name="updatePart" time="10.865"/>
  <system-out/>
</testsuite> <!-- org.TestBase.ModelPermissionTest -->
