<?xml version="1.0" encoding="UTF-8"?>
<!-- Generated by org.testng.reporters.JUnitReportReporter -->
<testsuite hostname="DESKTOP-O18LJV1" failures="0" tests="1" name="org.TestBase.TC_Rules" time="2.072" errors="0" timestamp="2023-10-31T12:56:37 IST" skipped="0">
  <testcase classname="org.TestBase.TC_Rules" name="CreatRule" time="2.072"/>
  <system-out/>
</testsuite> <!-- org.TestBase.TC_Rules -->
