<?xml version="1.0" encoding="UTF-8"?>
<!-- Generated by org.testng.reporters.JUnitReportReporter -->
<testsuite hostname="DESKTOP-O18LJV1" failures="0" tests="1" name="org.TestBase.SegmentT" time="1645.760" errors="0" timestamp="2023-12-02T11:35:46 IST" skipped="0">
  <testcase classname="org.TestBase.SegmentT" name="allValuePairList" time="1645.760"/>
  <system-out/>
</testsuite> <!-- org.TestBase.SegmentT -->
