<?xml version="1.0" encoding="UTF-8"?>
<!-- Generated by org.testng.reporters.JUnitReportReporter -->
<testsuite hostname="DESKTOP-O18LJV1" failures="0" tests="13" name="org.TestBase.ExplorerPageTest" time="580.786" errors="0" timestamp="2023-12-19T19:39:21 IST" skipped="1">
  <testcase classname="org.TestBase.ExplorerPageTest" name="updateBasePriceWithoutChange" time="45.752"/>
  <system-out/>
  <testcase classname="org.TestBase.ExplorerPageTest" name="updateSegment" time="48.262"/>
  <system-out/>
  <testcase classname="org.TestBase.ExplorerPageTest" name="updateDNPricingWithoutChange" time="53.962"/>
  <system-out/>
  <testcase classname="org.TestBase.ExplorerPageTest" name="updateProductPlanningWithoutChange" time="54.121"/>
  <system-out/>
  <testcase classname="org.TestBase.ExplorerPageTest" name="updateBasePrice" time="55.013"/>
  <system-out/>
  <testcase classname="org.TestBase.ExplorerPageTest" name="updateProductPlanning" time="78.958"/>
  <system-out/>
  <testcase classname="org.TestBase.ExplorerPageTest" name="updatePart" time="38.333"/>
  <system-out/>
  <testcase classname="org.TestBase.ExplorerPageTest" name="updateDNPricing" time="49.608"/>
  <system-out/>
  <testcase classname="org.TestBase.ExplorerPageTest" name="updatePartWithoutChange" time="33.626"/>
  <system-out/>
  <testcase classname="org.TestBase.ExplorerPageTest" name="updateSegmentWithoutChange" time="43.696"/>
  <system-out/>
  <testcase classname="org.TestBase.ExplorerPageTest" name="addRecord" time="34.576"/>
  <system-out/>
  <testcase classname="org.TestBase.ExplorerPageTest" name="deleteRecord" time="44.879"/>
  <system-out/>
  <testcase classname="org.TestBase.ExplorerPageTest" name="editRecord">
    <skipped/>
  </testcase> <!-- editRecord -->
  <system-out/>
</testsuite> <!-- org.TestBase.ExplorerPageTest -->
