<?xml version="1.0" encoding="UTF-8"?>
<!-- Generated by org.testng.reporters.JUnitReportReporter -->
<testsuite hostname="DESKTOP-O18LJV1" failures="0" tests="1" name="org.TestBase.ExplorerPage_110_ECC_Minor" time="23.957" errors="0" timestamp="2023-11-10T16:26:45 IST" skipped="0">
  <testcase classname="org.TestBase.ExplorerPage_110_ECC_Minor" name="explorer_110_ECC_Minor" time="23.957"/>
  <system-out/>
</testsuite> <!-- org.TestBase.ExplorerPage_110_ECC_Minor -->
