<?xml version="1.0" encoding="UTF-8"?>
<!-- Generated by org.testng.reporters.JUnitReportReporter -->
<testsuite hostname="DESKTOP-O18LJV1" failures="0" tests="2" name="org.TestBase.Explorer_100_ECC_TC" time="27.693" errors="0" timestamp="2023-11-13T15:49:03 IST" skipped="1">
  <testcase classname="org.TestBase.Explorer_100_ECC_TC" name="explorer_100_ECC" time="27.693"/>
  <system-out/>
  <testcase classname="org.TestBase.Explorer_100_ECC_TC" name="eccminor">
    <skipped/>
  </testcase> <!-- eccminor -->
  <system-out/>
</testsuite> <!-- org.TestBase.Explorer_100_ECC_TC -->
