<?xml version="1.0" encoding="UTF-8"?>
<!-- Generated by org.testng.reporters.JUnitReportReporter -->
<testsuite hostname="DESKTOP-O18LJV1" failures="0" tests="2" name="org.TestBase.RemoveSegment" time="329.123" errors="0" timestamp="2023-12-27T19:37:59 IST" skipped="1">
  <testcase classname="org.TestBase.RemoveSegment" name="allValuePairList" time="329.123"/>
  <system-out/>
  <testcase classname="org.TestBase.RemoveSegment" name="unSegmentation">
    <skipped/>
  </testcase> <!-- unSegmentation -->
  <system-out/>
</testsuite> <!-- org.TestBase.RemoveSegment -->
