<?xml version="1.0" encoding="UTF-8"?>
<!-- Generated by org.testng.reporters.JUnitReportReporter -->
<testsuite hostname="DESKTOP-AIIVMIA" failures="0" tests="4" name="org.TestBase.modelCreation" time="14.369" errors="0" timestamp="2024-01-05T10:52:25 IST" skipped="3">
  <testcase classname="org.TestBase.modelCreation" name="editModel" time="14.369"/>
  <system-out/>
  <testcase classname="org.TestBase.modelCreation" name="modelCreation">
    <skipped/>
  </testcase> <!-- modelCreation -->
  <system-out/>
  <testcase classname="org.TestBase.modelCreation" name="modelCreationForEntity">
    <skipped/>
  </testcase> <!-- modelCreationForEntity -->
  <system-out/>
  <testcase classname="org.TestBase.modelCreation" name="deleteModel">
    <skipped/>
  </testcase> <!-- deleteModel -->
  <system-out/>
</testsuite> <!-- org.TestBase.modelCreation -->
