<?xml version="1.0" encoding="UTF-8"?>
<!-- Generated by org.testng.reporters.JUnitReportReporter -->
<testsuite hostname="DESKTOP-O18LJV1" failures="0" tests="1" name="org.TestBase.Explorer_020_Segment_TC" time="34.790" errors="0" timestamp="2023-11-18T14:18:50 IST" skipped="0">
  <testcase classname="org.TestBase.Explorer_020_Segment_TC" name="explorer_020_Segment" time="34.790"/>
  <system-out/>
</testsuite> <!-- org.TestBase.Explorer_020_Segment_TC -->
