<?xml version="1.0" encoding="UTF-8"?>
<!-- Generated by org.testng.reporters.JUnitReportReporter -->
<testsuite hostname="DESKTOP-O18LJV1" failures="0" tests="2" name="org.TestBase.Explorer_010_Part_TC" time="38.188" errors="0" timestamp="2023-11-20T22:26:39 IST" skipped="0">
  <testcase classname="org.TestBase.Explorer_010_Part_TC" name="explorer_100_ECC" time="17.963"/>
  <system-out/>
  <testcase classname="org.TestBase.Explorer_010_Part_TC" name="explorer_010_Part" time="20.225"/>
  <system-out/>
</testsuite> <!-- org.TestBase.Explorer_010_Part_TC -->
