<?xml version="1.0" encoding="UTF-8"?>
<!-- Generated by org.testng.reporters.JUnitReportReporter -->
<testsuite hostname="DESKTOP-O18LJV1" failures="0" tests="4" name="org.TestBase.DerivedHierarchy" time="53.238" errors="0" timestamp="2023-12-27T15:12:23 IST" skipped="1">
  <testcase classname="org.TestBase.DerivedHierarchy" name="selectModelAndEdit" time="11.784"/>
  <system-out/>
  <testcase classname="org.TestBase.DerivedHierarchy" name="ViewDerivedHierarchy" time="14.209"/>
  <system-out/>
  <testcase classname="org.TestBase.DerivedHierarchy" name="derivedHierarcyViewPage" time="27.245"/>
  <system-out/>
  <testcase classname="org.TestBase.DerivedHierarchy" name="selectModelAndDelete">
    <skipped/>
  </testcase> <!-- selectModelAndDelete -->
  <system-out/>
</testsuite> <!-- org.TestBase.DerivedHierarchy -->
