<?xml version="1.0" encoding="UTF-8"?>
<!-- Generated by org.testng.reporters.JUnitReportReporter -->
<testsuite hostname="DESKTOP-AIIVMIA" failures="0" tests="1" name="org.TestBase.DerivedHierarchyAddEditPageTest" time="15.365" errors="0" timestamp="2023-12-27T15:27:04 IST" skipped="0">
  <testcase classname="org.TestBase.DerivedHierarchyAddEditPageTest" name="updatePart" time="15.365"/>
  <system-out/>
</testsuite> <!-- org.TestBase.DerivedHierarchyAddEditPageTest -->
