<?xml version="1.0" encoding="UTF-8"?>
<!-- Generated by org.testng.reporters.JUnitReportReporter -->
<testsuite hostname="DESKTOP-O18LJV1" failures="0" tests="4" name="org.TestBase.ModelManagement" time="35.434" errors="0" timestamp="2023-12-19T19:39:21 IST" skipped="1">
  <testcase classname="org.TestBase.ModelManagement" name="modelCreation" time="12.840"/>
  <system-out/>
  <testcase classname="org.TestBase.ModelManagement" name="editModel" time="11.720"/>
  <system-out/>
  <testcase classname="org.TestBase.ModelManagement" name="deleteModel" time="10.874"/>
  <system-out/>
  <testcase classname="org.TestBase.ModelManagement" name="modelCreationForEntity">
    <skipped/>
  </testcase> <!-- modelCreationForEntity -->
  <system-out/>
</testsuite> <!-- org.TestBase.ModelManagement -->
