<?xml version="1.0" encoding="UTF-8"?>
<!-- Generated by org.testng.reporters.JUnitReportReporter -->
<testsuite hostname="DESKTOP-AIIVMIA" failures="0" tests="1" name="org.TestBase.DNPricingSeedTest" time="79.312" errors="0" timestamp="2024-01-13T11:47:01 IST" skipped="0">
  <testcase classname="org.TestBase.DNPricingSeedTest" name="dnPricingSeed" time="79.312"/>
  <system-out/>
</testsuite> <!-- org.TestBase.DNPricingSeedTest -->
