<?xml version="1.0" encoding="UTF-8"?>
<!-- Generated by org.testng.reporters.JUnitReportReporter -->
<testsuite hostname="DESKTOP-AIIVMIA" failures="0" tests="1" name="org.TestBase.FunctionPermissionTest" time="9.420" errors="0" timestamp="2023-12-22T12:31:51 IST" skipped="0">
  <testcase classname="org.TestBase.FunctionPermissionTest" name="updateFunctionPermission" time="9.420"/>
  <system-out/>
</testsuite> <!-- org.TestBase.FunctionPermissionTest -->
