<?xml version="1.0" encoding="UTF-8"?>
<!-- Generated by org.testng.reporters.JUnitReportReporter -->
<testsuite hostname="DESKTOP-O18LJV1" failures="0" tests="2" name="org.Login.LoginPage" time="3.103" errors="0" timestamp="2023-10-30T10:15:17 IST" skipped="1">
  <testcase classname="org.Login.LoginPage" name="tc1" time="3.103"/>
  <system-out/>
  <testcase classname="org.Login.LoginPage" name="tc2">
    <skipped/>
  </testcase> <!-- tc2 -->
  <system-out/>
</testsuite> <!-- org.Login.LoginPage -->
