<?xml version="1.0" encoding="UTF-8"?>
<!-- Generated by org.testng.reporters.JUnitReportReporter -->
<testsuite hostname="DESKTOP-AIIVMIA" failures="0" tests="1" name="org.TestBase.RulesPageTest" time="15.075" errors="0" timestamp="2023-12-18T15:48:43 IST" skipped="0">
  <testcase classname="org.TestBase.RulesPageTest" name="CreatRule" time="15.075"/>
  <system-out/>
</testsuite> <!-- org.TestBase.RulesPageTest -->
