<?xml version="1.0" encoding="UTF-8"?>
<!-- Generated by org.testng.reporters.JUnitReportReporter -->
<testsuite hostname="DESKTOP-AIIVMIA" failures="0" tests="1" name="org.TestBase.DNPricingSeed" time="26.708" errors="0" timestamp="2023-12-30T13:23:08 IST" skipped="0">
  <testcase classname="org.TestBase.DNPricingSeed" name="dnPricingSeed" time="26.708"/>
  <system-out/>
</testsuite> <!-- org.TestBase.DNPricingSeed -->
