<?xml version="1.0" encoding="UTF-8"?>
<!-- Generated by org.testng.reporters.JUnitReportReporter -->
<testsuite hostname="DESKTOP-AIIVMIA" failures="0" tests="1" name="org.TestBase.writingBack" time="8.659" errors="0" timestamp="2023-11-23T18:32:21 IST" skipped="0">
  <testcase classname="org.TestBase.writingBack" name="writeBack" time="8.659"/>
  <system-out/>
</testsuite> <!-- org.TestBase.writingBack -->
