<?xml version="1.0" encoding="UTF-8"?>
<!-- Generated by org.testng.reporters.JUnitReportReporter -->
<testsuite hostname="DESKTOP-O18LJV1" failures="0" tests="1" name="org.TestBase.writeBack" time="11.283" errors="0" timestamp="2023-11-22T19:58:02 IST" skipped="0">
  <testcase classname="org.TestBase.writeBack" name="writeToExcel" time="11.283"/>
  <system-out/>
</testsuite> <!-- org.TestBase.writeBack -->
