<?xml version="1.0" encoding="UTF-8"?>
<!-- Generated by org.testng.reporters.JUnitReportReporter -->
<testsuite hostname="DESKTOP-O18LJV1" failures="0" tests="1" name="org.TestBase.SegmentationTest" time="985.828" errors="0" timestamp="2023-12-01T12:02:14 IST" skipped="0">
  <testcase classname="org.TestBase.SegmentationTest" name="allValuePairList" time="985.828"/>
  <system-out/>
</testsuite> <!-- org.TestBase.SegmentationTest -->
