<?xml version="1.0" encoding="UTF-8"?>
<!-- Generated by org.testng.reporters.JUnitReportReporter -->
<testsuite hostname="DESKTOP-AIIVMIA" failures="0" tests="1" name="org.TestBase.test" time="29.895" errors="0" timestamp="2024-01-05T12:51:59 IST" skipped="0">
  <testcase classname="org.TestBase.test" name="unSegmentation" time="29.895"/>
  <system-out/>
</testsuite> <!-- org.TestBase.test -->
