<?xml version="1.0" encoding="UTF-8"?>
<!-- Generated by org.testng.reporters.JUnitReportReporter -->
<testsuite hostname="DESKTOP-O18LJV1" failures="0" tests="2" name="org.TestBase.TC_Login" time="4.070" errors="0" timestamp="2023-10-30T15:04:07 IST" skipped="1">
  <testcase classname="org.TestBase.TC_Login" name="tc1" time="4.070"/>
  <system-out/>
  <testcase classname="org.TestBase.TC_Login" name="tc2">
    <skipped/>
  </testcase> <!-- tc2 -->
  <system-out/>
</testsuite> <!-- org.TestBase.TC_Login -->
